<?xml version="1.0" encoding="UTF-8"?>
<coverage generated="1668618442892" clover="3.2.0">
  <project timestamp="1668618442892" name="All files">
    <metrics statements="33" coveredstatements="33" conditionals="8" coveredconditionals="8" methods="12" coveredmethods="12" elements="53" coveredelements="53" complexity="0" loc="33" ncloc="33" packages="1" files="2" classes="2"/>
    <file name="accountTransaction.js" path="/Users/milescragg/Projects/tech-tests/bank-tech-test/lib/accountTransaction.js">
      <metrics statements="18" coveredstatements="18" conditionals="8" coveredconditionals="8" methods="5" coveredmethods="5"/>
      <line num="5" count="12" type="stmt"/>
      <line num="10" count="6" type="stmt"/>
      <line num="11" count="6" type="stmt"/>
      <line num="12" count="6" type="stmt"/>
      <line num="13" count="6" type="stmt"/>
      <line num="14" count="6" type="stmt"/>
      <line num="19" count="8" type="cond" truecount="2" falsecount="0"/>
      <line num="20" count="1" type="stmt"/>
      <line num="21" count="7" type="cond" truecount="2" falsecount="0"/>
      <line num="22" count="3" type="stmt"/>
      <line num="24" count="4" type="stmt"/>
      <line num="30" count="8" type="cond" truecount="2" falsecount="0"/>
      <line num="31" count="1" type="stmt"/>
      <line num="32" count="7" type="cond" truecount="2" falsecount="0"/>
      <line num="33" count="4" type="stmt"/>
      <line num="35" count="3" type="stmt"/>
      <line num="40" count="10" type="stmt"/>
      <line num="44" count="3" type="stmt"/>
    </file>
    <file name="statement.js" path="/Users/milescragg/Projects/tech-tests/bank-tech-test/lib/statement.js">
      <metrics statements="15" coveredstatements="15" conditionals="0" coveredconditionals="0" methods="7" coveredmethods="7"/>
      <line num="1" count="2" type="stmt"/>
      <line num="6" count="8" type="stmt"/>
      <line num="11" count="17" type="stmt"/>
      <line num="15" count="5" type="stmt"/>
      <line num="20" count="5" type="stmt"/>
      <line num="21" count="5" type="stmt"/>
      <line num="22" count="13" type="stmt"/>
      <line num="23" count="13" type="stmt"/>
      <line num="24" count="13" type="stmt"/>
      <line num="26" count="5" type="stmt"/>
      <line num="30" count="2" type="stmt"/>
      <line num="31" count="2" type="stmt"/>
      <line num="33" count="6" type="stmt"/>
      <line num="38" count="2" type="stmt"/>
      <line num="42" count="2" type="stmt"/>
    </file>
  </project>
</coverage>
