TN:
SF:lib/accountTransaction.js
FN:2,(anonymous_0)
FN:8,(anonymous_1)
FN:17,(anonymous_2)
FN:28,(anonymous_3)
FN:39,(anonymous_4)
FNF:5
FNH:5
FNDA:12,(anonymous_0)
FNDA:6,(anonymous_1)
FNDA:8,(anonymous_2)
FNDA:8,(anonymous_3)
FNDA:10,(anonymous_4)
DA:5,12
DA:10,6
DA:11,6
DA:12,6
DA:13,6
DA:14,6
DA:19,8
DA:20,1
DA:21,7
DA:22,3
DA:24,4
DA:30,8
DA:31,1
DA:32,7
DA:33,4
DA:35,3
DA:40,10
DA:44,3
LF:18
LH:18
BRDA:19,0,0,1
BRDA:19,0,1,7
BRDA:21,1,0,3
BRDA:21,1,1,4
BRDA:30,2,0,1
BRDA:30,2,1,7
BRDA:32,3,0,4
BRDA:32,3,1,3
BRF:8
BRH:8
end_of_record
TN:
SF:lib/statement.js
FN:4,(anonymous_0)
FN:9,(anonymous_1)
FN:14,(anonymous_2)
FN:18,(anonymous_3)
FN:21,(anonymous_4)
FN:29,(anonymous_5)
FN:32,(anonymous_6)
FNF:7
FNH:7
FNDA:8,(anonymous_0)
FNDA:17,(anonymous_1)
FNDA:5,(anonymous_2)
FNDA:5,(anonymous_3)
FNDA:13,(anonymous_4)
FNDA:2,(anonymous_5)
FNDA:6,(anonymous_6)
DA:1,2
DA:6,8
DA:11,17
DA:15,5
DA:20,5
DA:21,5
DA:22,13
DA:23,13
DA:24,13
DA:26,5
DA:30,2
DA:31,2
DA:33,6
DA:38,2
DA:42,2
LF:15
LH:15
BRF:0
BRH:0
end_of_record
